{
  "0 debug pnpm:scope": {
    "selected": 1
  },
  "1 error pnpm": {
    "code": "ELIFECYCLE",
    "errno": "ENOENT",
    "syscall": "spawn",
    "file": "sh",
    "pkgid": "javascript-calculator@0.1.0",
    "stage": "start",
    "script": "react-scripts start",
    "pkgname": "javascript-calculator",
    "err": {
      "name": "pnpm",
      "message": "javascript-calculator@0.1.0 start: `react-scripts start`\nspawn ENOENT",
      "code": "ELIFECYCLE",
      "stack": "pnpm: javascript-calculator@0.1.0 start: `react-scripts start`\nspawn ENOENT\n    at ChildProcess.<anonymous> (/home/macluiggy/.nvm/versions/node/v14.17.5/pnpm-global/5/node_modules/.pnpm/pnpm@6.14.5/node_modules/pnpm/dist/pnpm.cjs:92557:22)\n    at ChildProcess.emit (events.js:400:28)\n    at maybeClose (internal/child_process.js:1055:16)\n    at Process.ChildProcess._handle.onexit (internal/child_process.js:288:5)"
    }
  },
  "2 warn pnpm:global": " Local package.json exists, but node_modules missing, did you mean to install?"
}